<?xml version="1.0" encoding="UTF-8"?>
<coverage generated="1541503244">
  <project timestamp="1541503244">
    <package name="Goldoni\Builder">
      <file name="/home/dev/www/builder/src/Builder.php">
        <class name="Goldoni\Builder\Builder" namespace="Goldoni\Builder">
          <metrics complexity="8" methods="3" coveredmethods="2" conditionals="0" coveredconditionals="0" statements="18" coveredstatements="17" elements="21" coveredelements="19"/>
        </class>
        <line num="23" type="method" name="hydrate" visibility="public" complexity="4" crap="4.02" count="2"/>
        <line num="25" type="stmt" count="2"/>
        <line num="26" type="stmt" count="2"/>
        <line num="28" type="stmt" count="0"/>
        <line num="31" type="stmt" count="2"/>
        <line num="32" type="stmt" count="2"/>
        <line num="34" type="stmt" count="2"/>
        <line num="35" type="stmt" count="2"/>
        <line num="37" type="stmt" count="2"/>
        <line num="38" type="stmt" count="2"/>
        <line num="42" type="stmt" count="2"/>
        <line num="45" type="method" name="studly" visibility="public" complexity="2" crap="2" count="2"/>
        <line num="47" type="stmt" count="2"/>
        <line num="49" type="stmt" count="2"/>
        <line num="50" type="stmt" count="2"/>
        <line num="53" type="stmt" count="1"/>
        <line num="55" type="stmt" count="1"/>
        <line num="65" type="method" name="camel" visibility="public" complexity="2" crap="2" count="2"/>
        <line num="67" type="stmt" count="2"/>
        <line num="68" type="stmt" count="2"/>
        <line num="71" type="stmt" count="1"/>
        <metrics loc="73" ncloc="53" classes="1" methods="3" coveredmethods="2" conditionals="0" coveredconditionals="0" statements="18" coveredstatements="17" elements="21" coveredelements="19"/>
      </file>
      <file name="/home/dev/www/builder/src/Paginator.php">
        <class name="Goldoni\Builder\Paginator" namespace="Goldoni\Builder">
          <metrics complexity="3" methods="3" coveredmethods="3" conditionals="0" coveredconditionals="0" statements="4" coveredstatements="4" elements="7" coveredelements="7"/>
        </class>
        <line num="29" type="method" name="__construct" visibility="public" complexity="1" crap="1" count="1"/>
        <line num="31" type="stmt" count="1"/>
        <line num="32" type="stmt" count="1"/>
        <line num="41" type="method" name="getNbResults" visibility="public" complexity="1" crap="1" count="1"/>
        <line num="43" type="stmt" count="1"/>
        <line num="54" type="method" name="getSlice" visibility="public" complexity="1" crap="1" count="1"/>
        <line num="56" type="stmt" count="1"/>
        <metrics loc="58" ncloc="26" classes="1" methods="3" coveredmethods="3" conditionals="0" coveredconditionals="0" statements="4" coveredstatements="4" elements="7" coveredelements="7"/>
      </file>
      <file name="/home/dev/www/builder/src/Query.php">
        <class name="Goldoni\Builder\Query" namespace="Goldoni\Builder">
          <metrics complexity="46" methods="20" coveredmethods="16" conditionals="0" coveredconditionals="0" statements="87" coveredstatements="83" elements="107" coveredelements="99"/>
        </class>
        <line num="76" type="method" name="__construct" visibility="public" complexity="2" crap="2" count="14"/>
        <line num="78" type="stmt" count="14"/>
        <line num="79" type="stmt" count="14"/>
        <line num="87" type="method" name="from" visibility="public" complexity="3" crap="3" count="13"/>
        <line num="89" type="stmt" count="13"/>
        <line num="90" type="stmt" count="12"/>
        <line num="92" type="stmt" count="1"/>
        <line num="95" type="stmt" count="13"/>
        <line num="103" type="method" name="select" visibility="public" complexity="1" crap="1" count="5"/>
        <line num="105" type="stmt" count="5"/>
        <line num="107" type="stmt" count="5"/>
        <line num="116" type="method" name="insert" visibility="public" complexity="3" crap="3" count="1"/>
        <line num="118" type="stmt" count="1"/>
        <line num="120" type="stmt" count="1"/>
        <line num="121" type="stmt" count="1"/>
        <line num="124" type="stmt" count="1"/>
        <line num="132" type="method" name="where" visibility="public" complexity="1" crap="1" count="7"/>
        <line num="134" type="stmt" count="7"/>
        <line num="136" type="stmt" count="7"/>
        <line num="146" type="method" name="join" visibility="public" complexity="1" crap="1" count="1"/>
        <line num="148" type="stmt" count="1"/>
        <line num="150" type="stmt" count="1"/>
        <line num="158" type="method" name="count" visibility="public" complexity="1" crap="1" count="2"/>
        <line num="160" type="stmt" count="2"/>
        <line num="161" type="stmt" count="2"/>
        <line num="163" type="stmt" count="2"/>
        <line num="172" type="method" name="orderBy" visibility="public" complexity="2" crap="2" count="1"/>
        <line num="174" type="stmt" count="1"/>
        <line num="176" type="stmt" count="1"/>
        <line num="184" type="method" name="groupBy" visibility="public" complexity="1" crap="1" count="1"/>
        <line num="186" type="stmt" count="1"/>
        <line num="188" type="stmt" count="1"/>
        <line num="197" type="method" name="limit" visibility="public" complexity="1" crap="1" count="3"/>
        <line num="199" type="stmt" count="3"/>
        <line num="201" type="stmt" count="3"/>
        <line num="209" type="method" name="into" visibility="public" complexity="1" crap="1" count="5"/>
        <line num="211" type="stmt" count="5"/>
        <line num="213" type="stmt" count="5"/>
        <line num="216" type="method" name="fetchAll" visibility="public" complexity="1" crap="1" count="4"/>
        <line num="218" type="stmt" count="4"/>
        <line num="221" type="method" name="paginate" visibility="public" complexity="1" crap="1" count="1"/>
        <line num="223" type="stmt" count="1"/>
        <line num="225" type="stmt" count="1"/>
        <line num="226" type="stmt" count="1"/>
        <line num="227" type="stmt" count="1"/>
        <line num="230" type="method" name="fetch" visibility="public" complexity="3" crap="3.04" count="3"/>
        <line num="232" type="stmt" count="3"/>
        <line num="234" type="stmt" count="3"/>
        <line num="235" type="stmt" count="1"/>
        <line num="238" type="stmt" count="2"/>
        <line num="239" type="stmt" count="2"/>
        <line num="242" type="stmt" count="0"/>
        <line num="250" type="method" name="fetchOrFail" visibility="public" complexity="2" crap="2.06" count="1"/>
        <line num="252" type="stmt" count="1"/>
        <line num="254" type="stmt" count="1"/>
        <line num="255" type="stmt" count="1"/>
        <line num="258" type="stmt" count="0"/>
        <line num="267" type="method" name="params" visibility="public" complexity="2" crap="2" count="6"/>
        <line num="269" type="stmt" count="6"/>
        <line num="270" type="stmt" count="5"/>
        <line num="272" type="stmt" count="1"/>
        <line num="275" type="stmt" count="6"/>
        <line num="281" type="method" name="__toString" visibility="public" complexity="13" crap="13" count="14"/>
        <line num="283" type="stmt" count="14"/>
        <line num="285" type="stmt" count="14"/>
        <line num="286" type="stmt" count="5"/>
        <line num="288" type="stmt" count="10"/>
        <line num="291" type="stmt" count="14"/>
        <line num="292" type="stmt" count="1"/>
        <line num="295" type="stmt" count="14"/>
        <line num="296" type="stmt" count="1"/>
        <line num="297" type="stmt" count="1"/>
        <line num="298" type="stmt" count="1"/>
        <line num="301" type="stmt" count="14"/>
        <line num="302" type="stmt" count="13"/>
        <line num="303" type="stmt" count="13"/>
        <line num="306" type="stmt" count="14"/>
        <line num="307" type="stmt" count="7"/>
        <line num="308" type="stmt" count="7"/>
        <line num="311" type="stmt" count="14"/>
        <line num="312" type="stmt" count="1"/>
        <line num="313" type="stmt" count="1"/>
        <line num="314" type="stmt" count="1"/>
        <line num="319" type="stmt" count="14"/>
        <line num="320" type="stmt" count="1"/>
        <line num="321" type="stmt" count="1"/>
        <line num="325" type="stmt" count="14"/>
        <line num="326" type="stmt" count="1"/>
        <line num="329" type="stmt" count="14"/>
        <line num="330" type="stmt" count="3"/>
        <line num="333" type="stmt" count="14"/>
        <line num="336" type="method" name="buildFrom" visibility="private" complexity="3" crap="3" count="13"/>
        <line num="338" type="stmt" count="13"/>
        <line num="340" type="stmt" count="13"/>
        <line num="341" type="stmt" count="13"/>
        <line num="342" type="stmt" count="12"/>
        <line num="344" type="stmt" count="13"/>
        <line num="348" type="stmt" count="13"/>
        <line num="351" type="method" name="execute" visibility="public" complexity="3" crap="3.04" count="7"/>
        <line num="353" type="stmt" count="7"/>
        <line num="354" type="stmt" count="5"/>
        <line num="356" type="stmt" count="5"/>
        <line num="357" type="stmt" count="0"/>
        <line num="360" type="stmt" count="5"/>
        <line num="363" type="stmt" count="3"/>
        <line num="369" type="method" name="getIterator" visibility="public" complexity="1" crap="2.00" count="0"/>
        <line num="371" type="stmt" count="0"/>
        <metrics loc="373" ncloc="250" classes="1" methods="20" coveredmethods="16" conditionals="0" coveredconditionals="0" statements="87" coveredstatements="83" elements="107" coveredelements="99"/>
      </file>
      <file name="/home/dev/www/builder/src/QueryResult.php">
        <class name="Goldoni\Builder\QueryResult" namespace="Goldoni\Builder">
          <metrics complexity="15" methods="12" coveredmethods="3" conditionals="0" coveredconditionals="0" statements="20" coveredstatements="9" elements="32" coveredelements="12"/>
        </class>
        <line num="37" type="method" name="__construct" visibility="public" complexity="2" crap="2" count="4"/>
        <line num="39" type="stmt" count="4"/>
        <line num="40" type="stmt" count="4"/>
        <line num="41" type="stmt" count="4"/>
        <line num="43" type="method" name="get" visibility="public" complexity="3" crap="3.07" count="2"/>
        <line num="45" type="stmt" count="2"/>
        <line num="46" type="stmt" count="2"/>
        <line num="47" type="stmt" count="1"/>
        <line num="50" type="stmt" count="1"/>
        <line num="53" type="stmt" count="0"/>
        <line num="65" type="method" name="current" visibility="public" complexity="1" crap="2.00" count="0"/>
        <line num="67" type="stmt" count="0"/>
        <line num="76" type="method" name="next" visibility="public" complexity="1" crap="2.00" count="0"/>
        <line num="78" type="stmt" count="0"/>
        <line num="79" type="stmt" count="0"/>
        <line num="90" type="method" name="key" visibility="public" complexity="1" crap="2.00" count="0"/>
        <line num="92" type="stmt" count="0"/>
        <line num="105" type="method" name="valid" visibility="public" complexity="1" crap="2.00" count="0"/>
        <line num="107" type="stmt" count="0"/>
        <line num="116" type="method" name="rewind" visibility="public" complexity="1" crap="2.00" count="0"/>
        <line num="118" type="stmt" count="0"/>
        <line num="119" type="stmt" count="0"/>
        <line num="137" type="method" name="offsetExists" visibility="public" complexity="1" crap="2.00" count="0"/>
        <line num="139" type="stmt" count="0"/>
        <line num="155" type="method" name="offsetGet" visibility="public" complexity="1" crap="1" count="2"/>
        <line num="157" type="stmt" count="2"/>
        <line num="176" type="method" name="offsetSet" visibility="public" complexity="1" crap="2.00" count="0"/>
        <line num="178" type="stmt" count="0"/>
        <line num="194" type="method" name="offsetUnset" visibility="public" complexity="1" crap="2.00" count="0"/>
        <line num="196" type="stmt" count="0"/>
        <line num="211" type="method" name="count" visibility="public" complexity="1" crap="1" count="2"/>
        <line num="213" type="stmt" count="2"/>
        <metrics loc="215" ncloc="82" classes="1" methods="12" coveredmethods="3" conditionals="0" coveredconditionals="0" statements="20" coveredstatements="9" elements="32" coveredelements="12"/>
      </file>
    </package>
    <package name="Goldoni\Builder\Entities">
      <file name="/home/dev/www/builder/src/Entities/Demo.php">
        <class name="Goldoni\Builder\Entities\Demo" namespace="Goldoni\Builder\Entities">
          <metrics complexity="13" methods="7" coveredmethods="3" conditionals="0" coveredconditionals="0" statements="13" coveredstatements="9" elements="20" coveredelements="12"/>
        </class>
        <line num="47" type="method" name="__construct" visibility="public" complexity="1" crap="1" count="2"/>
        <line num="49" type="stmt" count="2"/>
        <line num="54" type="method" name="getCreatedAt" visibility="public" complexity="1" crap="2.00" count="0"/>
        <line num="56" type="stmt" count="0"/>
        <line num="62" type="method" name="setCreatedAt" visibility="public" complexity="3" crap="3" count="2"/>
        <line num="64" type="stmt" count="2"/>
        <line num="65" type="stmt" count="2"/>
        <line num="67" type="stmt" count="2"/>
        <line num="72" type="method" name="getUpdatedAt" visibility="public" complexity="1" crap="2.00" count="0"/>
        <line num="74" type="stmt" count="0"/>
        <line num="80" type="method" name="setUpdatedAt" visibility="public" complexity="3" crap="3" count="2"/>
        <line num="82" type="stmt" count="2"/>
        <line num="83" type="stmt" count="2"/>
        <line num="85" type="stmt" count="2"/>
        <line num="90" type="method" name="getDeletedAt" visibility="public" complexity="1" crap="2.00" count="0"/>
        <line num="92" type="stmt" count="0"/>
        <line num="98" type="method" name="setDeletedAt" visibility="public" complexity="3" crap="3.33" count="2"/>
        <line num="100" type="stmt" count="2"/>
        <line num="101" type="stmt" count="0"/>
        <line num="103" type="stmt" count="2"/>
        <metrics loc="104" ncloc="56" classes="1" methods="7" coveredmethods="3" conditionals="0" coveredconditionals="0" statements="13" coveredstatements="9" elements="20" coveredelements="12"/>
      </file>
    </package>
    <package name="Goldoni\Tests">
      <file name="/home/dev/www/builder/tests/QueryTest.php">
        <class name="Goldoni\Tests\QueryTest" namespace="Goldoni\Tests">
          <metrics complexity="17" methods="16" coveredmethods="15" conditionals="0" coveredconditionals="0" statements="151" coveredstatements="149" elements="167" coveredelements="164"/>
        </class>
        <line num="23" type="method" name="setUp" visibility="public" complexity="2" crap="2" count="14"/>
        <line num="25" type="stmt" count="14"/>
        <line num="26" type="stmt" count="14"/>
        <line num="27" type="stmt" count="14"/>
        <line num="28" type="stmt" count="14"/>
        <line num="29" type="stmt" count="14"/>
        <line num="31" type="stmt" count="14"/>
        <line num="33" type="method" name="testSimpleQuery" visibility="public" complexity="1" crap="1" count="1"/>
        <line num="35" type="stmt" count="1"/>
        <line num="36" type="stmt" count="1"/>
        <line num="37" type="stmt" count="1"/>
        <line num="39" type="method" name="testWhereQuery" visibility="public" complexity="1" crap="1" count="1"/>
        <line num="41" type="stmt" count="1"/>
        <line num="42" type="stmt" count="1"/>
        <line num="43" type="stmt" count="1"/>
        <line num="45" type="stmt" count="1"/>
        <line num="46" type="stmt" count="1"/>
        <line num="47" type="stmt" count="1"/>
        <line num="50" type="stmt" count="1"/>
        <line num="51" type="stmt" count="1"/>
        <line num="52" type="stmt" count="1"/>
        <line num="53" type="stmt" count="1"/>
        <line num="55" type="stmt" count="1"/>
        <line num="56" type="stmt" count="1"/>
        <line num="57" type="stmt" count="1"/>
        <line num="59" type="stmt" count="1"/>
        <line num="61" type="method" name="testFetchAllQuery" visibility="public" complexity="1" crap="1" count="1"/>
        <line num="63" type="stmt" count="1"/>
        <line num="64" type="stmt" count="1"/>
        <line num="65" type="stmt" count="1"/>
        <line num="66" type="stmt" count="1"/>
        <line num="67" type="stmt" count="1"/>
        <line num="69" type="stmt" count="1"/>
        <line num="71" type="stmt" count="1"/>
        <line num="72" type="stmt" count="1"/>
        <line num="74" type="method" name="testCountQuery" visibility="public" complexity="1" crap="1" count="1"/>
        <line num="76" type="stmt" count="1"/>
        <line num="77" type="stmt" count="1"/>
        <line num="78" type="stmt" count="1"/>
        <line num="79" type="stmt" count="1"/>
        <line num="80" type="stmt" count="1"/>
        <line num="82" type="stmt" count="1"/>
        <line num="84" type="stmt" count="1"/>
        <line num="85" type="stmt" count="1"/>
        <line num="87" type="method" name="testHydrateQuery" visibility="public" complexity="1" crap="1" count="1"/>
        <line num="89" type="stmt" count="1"/>
        <line num="90" type="stmt" count="1"/>
        <line num="91" type="stmt" count="1"/>
        <line num="92" type="stmt" count="1"/>
        <line num="93" type="stmt" count="1"/>
        <line num="94" type="stmt" count="1"/>
        <line num="96" type="stmt" count="1"/>
        <line num="98" type="stmt" count="1"/>
        <line num="99" type="stmt" count="1"/>
        <line num="100" type="stmt" count="1"/>
        <line num="101" type="stmt" count="1"/>
        <line num="103" type="stmt" count="1"/>
        <line num="104" type="stmt" count="1"/>
        <line num="106" type="method" name="testLazyHydrateQuery" visibility="public" complexity="1" crap="1" count="1"/>
        <line num="108" type="stmt" count="1"/>
        <line num="109" type="stmt" count="1"/>
        <line num="110" type="stmt" count="1"/>
        <line num="111" type="stmt" count="1"/>
        <line num="112" type="stmt" count="1"/>
        <line num="113" type="stmt" count="1"/>
        <line num="115" type="stmt" count="1"/>
        <line num="116" type="stmt" count="1"/>
        <line num="118" type="method" name="testLimitQuery" visibility="public" complexity="1" crap="1" count="1"/>
        <line num="120" type="stmt" count="1"/>
        <line num="121" type="stmt" count="1"/>
        <line num="122" type="stmt" count="1"/>
        <line num="123" type="stmt" count="1"/>
        <line num="125" type="stmt" count="1"/>
        <line num="126" type="stmt" count="1"/>
        <line num="127" type="stmt" count="1"/>
        <line num="129" type="stmt" count="1"/>
        <line num="131" type="method" name="testOrderByQuery" visibility="public" complexity="1" crap="1" count="1"/>
        <line num="133" type="stmt" count="1"/>
        <line num="134" type="stmt" count="1"/>
        <line num="135" type="stmt" count="1"/>
        <line num="136" type="stmt" count="1"/>
        <line num="138" type="stmt" count="1"/>
        <line num="139" type="stmt" count="1"/>
        <line num="140" type="stmt" count="1"/>
        <line num="142" type="stmt" count="1"/>
        <line num="144" type="method" name="testGroupByQuery" visibility="public" complexity="1" crap="1" count="1"/>
        <line num="146" type="stmt" count="1"/>
        <line num="147" type="stmt" count="1"/>
        <line num="148" type="stmt" count="1"/>
        <line num="149" type="stmt" count="1"/>
        <line num="151" type="stmt" count="1"/>
        <line num="152" type="stmt" count="1"/>
        <line num="153" type="stmt" count="1"/>
        <line num="155" type="stmt" count="1"/>
        <line num="157" type="method" name="testJoinsQuery" visibility="public" complexity="1" crap="1" count="1"/>
        <line num="159" type="stmt" count="1"/>
        <line num="160" type="stmt" count="1"/>
        <line num="161" type="stmt" count="1"/>
        <line num="162" type="stmt" count="1"/>
        <line num="164" type="stmt" count="1"/>
        <line num="165" type="stmt" count="1"/>
        <line num="166" type="stmt" count="1"/>
        <line num="169" type="stmt" count="1"/>
        <line num="170" type="stmt" count="1"/>
        <line num="171" type="stmt" count="1"/>
        <line num="172" type="stmt" count="1"/>
        <line num="174" type="stmt" count="1"/>
        <line num="175" type="stmt" count="1"/>
        <line num="176" type="stmt" count="1"/>
        <line num="178" type="stmt" count="1"/>
        <line num="180" type="method" name="testFetchQuery" visibility="public" complexity="1" crap="1" count="1"/>
        <line num="182" type="stmt" count="1"/>
        <line num="183" type="stmt" count="1"/>
        <line num="184" type="stmt" count="1"/>
        <line num="185" type="stmt" count="1"/>
        <line num="186" type="stmt" count="1"/>
        <line num="187" type="stmt" count="1"/>
        <line num="189" type="stmt" count="1"/>
        <line num="190" type="stmt" count="1"/>
        <line num="191" type="stmt" count="1"/>
        <line num="196" type="method" name="testFetchOrFailQuery" visibility="public" complexity="1" crap="1.02" count="1"/>
        <line num="198" type="stmt" count="1"/>
        <line num="199" type="stmt" count="1"/>
        <line num="200" type="stmt" count="1"/>
        <line num="201" type="stmt" count="1"/>
        <line num="202" type="stmt" count="1"/>
        <line num="203" type="stmt" count="1"/>
        <line num="205" type="stmt" count="0"/>
        <line num="206" type="stmt" count="0"/>
        <line num="208" type="method" name="testInsertQuery" visibility="public" complexity="1" crap="1" count="1"/>
        <line num="210" type="stmt" count="1"/>
        <line num="211" type="stmt" count="1"/>
        <line num="212" type="stmt" count="1"/>
        <line num="214" type="stmt" count="1"/>
        <line num="221" type="stmt" count="1"/>
        <line num="222" type="stmt" count="1"/>
        <line num="223" type="stmt" count="1"/>
        <line num="226" type="stmt" count="1"/>
        <line num="227" type="stmt" count="1"/>
        <line num="228" type="stmt" count="1"/>
        <line num="230" type="stmt" count="1"/>
        <line num="236" type="stmt" count="1"/>
        <line num="238" type="stmt" count="1"/>
        <line num="244" type="stmt" count="1"/>
        <line num="246" type="stmt" count="1"/>
        <line num="248" type="method" name="testPaginateQuery" visibility="public" complexity="1" crap="1" count="1"/>
        <line num="250" type="stmt" count="1"/>
        <line num="251" type="stmt" count="1"/>
        <line num="252" type="stmt" count="1"/>
        <line num="253" type="stmt" count="1"/>
        <line num="255" type="stmt" count="1"/>
        <line num="256" type="stmt" count="1"/>
        <line num="257" type="stmt" count="1"/>
        <line num="258" type="stmt" count="1"/>
        <line num="260" type="stmt" count="1"/>
        <line num="261" type="stmt" count="1"/>
        <line num="262" type="stmt" count="1"/>
        <line num="263" type="stmt" count="1"/>
        <line num="265" type="stmt" count="1"/>
        <line num="266" type="stmt" count="1"/>
        <line num="267" type="stmt" count="1"/>
        <line num="268" type="stmt" count="1"/>
        <line num="269" type="stmt" count="1"/>
        <line num="271" type="method" name="migrate" visibility="private" complexity="1" crap="1" count="14"/>
        <line num="273" type="stmt" count="14"/>
        <line num="285" type="stmt" count="14"/>
        <line num="309" type="stmt" count="14"/>
        <metrics loc="310" ncloc="298" classes="1" methods="16" coveredmethods="15" conditionals="0" coveredconditionals="0" statements="151" coveredstatements="149" elements="167" coveredelements="164"/>
      </file>
    </package>
    <metrics files="6" loc="1133" ncloc="765" classes="6" methods="61" coveredmethods="42" conditionals="0" coveredconditionals="0" statements="293" coveredstatements="271" elements="354" coveredelements="313"/>
  </project>
</coverage>
