<?xml version="1.0" encoding="UTF-8"?>
<coverage generated="1541520986">
  <project timestamp="1541520986">
    <package name="Goldoni\Builder">
      <file name="/home/dev/www/builder/src/Builder.php">
        <class name="Goldoni\Builder\Builder" namespace="Goldoni\Builder">
          <metrics complexity="8" methods="3" coveredmethods="2" conditionals="0" coveredconditionals="0" statements="18" coveredstatements="17" elements="21" coveredelements="19"/>
        </class>
        <line num="23" type="method" name="hydrate" visibility="public" complexity="4" crap="4.02" count="3"/>
        <line num="25" type="stmt" count="3"/>
        <line num="26" type="stmt" count="3"/>
        <line num="28" type="stmt" count="0"/>
        <line num="31" type="stmt" count="3"/>
        <line num="32" type="stmt" count="3"/>
        <line num="34" type="stmt" count="3"/>
        <line num="35" type="stmt" count="3"/>
        <line num="37" type="stmt" count="3"/>
        <line num="38" type="stmt" count="3"/>
        <line num="42" type="stmt" count="3"/>
        <line num="45" type="method" name="studly" visibility="public" complexity="2" crap="2" count="3"/>
        <line num="47" type="stmt" count="3"/>
        <line num="49" type="stmt" count="3"/>
        <line num="50" type="stmt" count="3"/>
        <line num="53" type="stmt" count="1"/>
        <line num="55" type="stmt" count="1"/>
        <line num="65" type="method" name="camel" visibility="public" complexity="2" crap="2" count="3"/>
        <line num="67" type="stmt" count="3"/>
        <line num="68" type="stmt" count="3"/>
        <line num="71" type="stmt" count="1"/>
        <metrics loc="73" ncloc="53" classes="1" methods="3" coveredmethods="2" conditionals="0" coveredconditionals="0" statements="18" coveredstatements="17" elements="21" coveredelements="19"/>
      </file>
      <file name="/home/dev/www/builder/src/Paginator.php">
        <class name="Goldoni\Builder\Paginator" namespace="Goldoni\Builder">
          <metrics complexity="3" methods="3" coveredmethods="3" conditionals="0" coveredconditionals="0" statements="4" coveredstatements="4" elements="7" coveredelements="7"/>
        </class>
        <line num="29" type="method" name="__construct" visibility="public" complexity="1" crap="1" count="1"/>
        <line num="31" type="stmt" count="1"/>
        <line num="32" type="stmt" count="1"/>
        <line num="41" type="method" name="getNbResults" visibility="public" complexity="1" crap="1" count="1"/>
        <line num="43" type="stmt" count="1"/>
        <line num="54" type="method" name="getSlice" visibility="public" complexity="1" crap="1" count="1"/>
        <line num="56" type="stmt" count="1"/>
        <metrics loc="58" ncloc="26" classes="1" methods="3" coveredmethods="3" conditionals="0" coveredconditionals="0" statements="4" coveredstatements="4" elements="7" coveredelements="7"/>
      </file>
      <file name="/home/dev/www/builder/src/Query.php">
        <class name="Goldoni\Builder\Query" namespace="Goldoni\Builder">
          <metrics complexity="60" methods="24" coveredmethods="20" conditionals="0" coveredconditionals="0" statements="112" coveredstatements="108" elements="136" coveredelements="128"/>
        </class>
        <line num="88" type="method" name="__construct" visibility="public" complexity="2" crap="2" count="16"/>
        <line num="90" type="stmt" count="16"/>
        <line num="91" type="stmt" count="16"/>
        <line num="99" type="method" name="from" visibility="public" complexity="3" crap="3" count="15"/>
        <line num="101" type="stmt" count="15"/>
        <line num="102" type="stmt" count="13"/>
        <line num="104" type="stmt" count="2"/>
        <line num="107" type="stmt" count="15"/>
        <line num="115" type="method" name="select" visibility="public" complexity="1" crap="1" count="6"/>
        <line num="117" type="stmt" count="6"/>
        <line num="119" type="stmt" count="6"/>
        <line num="128" type="method" name="insert" visibility="public" complexity="3" crap="3" count="2"/>
        <line num="130" type="stmt" count="2"/>
        <line num="132" type="stmt" count="2"/>
        <line num="133" type="stmt" count="2"/>
        <line num="136" type="stmt" count="2"/>
        <line num="139" type="method" name="value" visibility="public" complexity="1" crap="1" count="1"/>
        <line num="141" type="stmt" count="1"/>
        <line num="143" type="stmt" count="1"/>
        <line num="153" type="method" name="update" visibility="public" complexity="5" crap="5" count="1"/>
        <line num="155" type="stmt" count="1"/>
        <line num="157" type="stmt" count="1"/>
        <line num="158" type="stmt" count="1"/>
        <line num="159" type="stmt" count="1"/>
        <line num="162" type="stmt" count="1"/>
        <line num="163" type="stmt" count="1"/>
        <line num="166" type="stmt" count="1"/>
        <line num="169" type="method" name="set" visibility="public" complexity="1" crap="1" count="1"/>
        <line num="171" type="stmt" count="1"/>
        <line num="173" type="stmt" count="1"/>
        <line num="176" type="method" name="delete" visibility="public" complexity="3" crap="3" count="1"/>
        <line num="178" type="stmt" count="1"/>
        <line num="180" type="stmt" count="1"/>
        <line num="181" type="stmt" count="1"/>
        <line num="182" type="stmt" count="1"/>
        <line num="185" type="stmt" count="1"/>
        <line num="193" type="method" name="where" visibility="public" complexity="1" crap="1" count="9"/>
        <line num="195" type="stmt" count="9"/>
        <line num="197" type="stmt" count="9"/>
        <line num="207" type="method" name="join" visibility="public" complexity="1" crap="1" count="1"/>
        <line num="209" type="stmt" count="1"/>
        <line num="211" type="stmt" count="1"/>
        <line num="219" type="method" name="count" visibility="public" complexity="1" crap="1" count="3"/>
        <line num="221" type="stmt" count="3"/>
        <line num="222" type="stmt" count="3"/>
        <line num="224" type="stmt" count="3"/>
        <line num="233" type="method" name="orderBy" visibility="public" complexity="2" crap="2" count="1"/>
        <line num="235" type="stmt" count="1"/>
        <line num="237" type="stmt" count="1"/>
        <line num="245" type="method" name="groupBy" visibility="public" complexity="1" crap="1" count="1"/>
        <line num="247" type="stmt" count="1"/>
        <line num="249" type="stmt" count="1"/>
        <line num="258" type="method" name="limit" visibility="public" complexity="1" crap="1" count="3"/>
        <line num="260" type="stmt" count="3"/>
        <line num="262" type="stmt" count="3"/>
        <line num="270" type="method" name="into" visibility="public" complexity="1" crap="1" count="6"/>
        <line num="272" type="stmt" count="6"/>
        <line num="274" type="stmt" count="6"/>
        <line num="277" type="method" name="fetchAll" visibility="public" complexity="1" crap="1" count="4"/>
        <line num="279" type="stmt" count="4"/>
        <line num="282" type="method" name="paginate" visibility="public" complexity="1" crap="1" count="1"/>
        <line num="284" type="stmt" count="1"/>
        <line num="286" type="stmt" count="1"/>
        <line num="287" type="stmt" count="1"/>
        <line num="288" type="stmt" count="1"/>
        <line num="291" type="method" name="fetch" visibility="public" complexity="3" crap="3.04" count="4"/>
        <line num="293" type="stmt" count="4"/>
        <line num="295" type="stmt" count="4"/>
        <line num="296" type="stmt" count="1"/>
        <line num="299" type="stmt" count="3"/>
        <line num="300" type="stmt" count="3"/>
        <line num="303" type="stmt" count="0"/>
        <line num="309" type="method" name="fetchOrFail" visibility="public" complexity="2" crap="2" count="2"/>
        <line num="311" type="stmt" count="2"/>
        <line num="313" type="stmt" count="2"/>
        <line num="314" type="stmt" count="1"/>
        <line num="317" type="stmt" count="1"/>
        <line num="326" type="method" name="params" visibility="public" complexity="2" crap="2.06" count="7"/>
        <line num="328" type="stmt" count="7"/>
        <line num="329" type="stmt" count="7"/>
        <line num="331" type="stmt" count="0"/>
        <line num="334" type="stmt" count="7"/>
        <line num="340" type="method" name="__toString" visibility="public" complexity="17" crap="17" count="16"/>
        <line num="342" type="stmt" count="16"/>
        <line num="344" type="stmt" count="16"/>
        <line num="345" type="stmt" count="6"/>
        <line num="347" type="stmt" count="12"/>
        <line num="350" type="stmt" count="16"/>
        <line num="351" type="stmt" count="2"/>
        <line num="354" type="stmt" count="16"/>
        <line num="355" type="stmt" count="2"/>
        <line num="356" type="stmt" count="2"/>
        <line num="357" type="stmt" count="2"/>
        <line num="360" type="stmt" count="16"/>
        <line num="361" type="stmt" count="1"/>
        <line num="364" type="stmt" count="16"/>
        <line num="365" type="stmt" count="1"/>
        <line num="367" type="stmt" count="1"/>
        <line num="368" type="stmt" count="1"/>
        <line num="370" type="stmt" count="1"/>
        <line num="373" type="stmt" count="16"/>
        <line num="374" type="stmt" count="1"/>
        <line num="377" type="stmt" count="16"/>
        <line num="378" type="stmt" count="15"/>
        <line num="379" type="stmt" count="15"/>
        <line num="382" type="stmt" count="16"/>
        <line num="383" type="stmt" count="9"/>
        <line num="384" type="stmt" count="9"/>
        <line num="387" type="stmt" count="16"/>
        <line num="388" type="stmt" count="1"/>
        <line num="389" type="stmt" count="1"/>
        <line num="390" type="stmt" count="1"/>
        <line num="395" type="stmt" count="16"/>
        <line num="396" type="stmt" count="1"/>
        <line num="397" type="stmt" count="1"/>
        <line num="401" type="stmt" count="16"/>
        <line num="402" type="stmt" count="1"/>
        <line num="405" type="stmt" count="16"/>
        <line num="406" type="stmt" count="3"/>
        <line num="409" type="stmt" count="16"/>
        <line num="412" type="method" name="buildFrom" visibility="private" complexity="3" crap="3" count="15"/>
        <line num="414" type="stmt" count="15"/>
        <line num="416" type="stmt" count="15"/>
        <line num="417" type="stmt" count="15"/>
        <line num="418" type="stmt" count="13"/>
        <line num="420" type="stmt" count="15"/>
        <line num="424" type="stmt" count="15"/>
        <line num="427" type="method" name="execute" visibility="public" complexity="3" crap="3.04" count="9"/>
        <line num="429" type="stmt" count="9"/>
        <line num="430" type="stmt" count="7"/>
        <line num="432" type="stmt" count="7"/>
        <line num="433" type="stmt" count="0"/>
        <line num="436" type="stmt" count="7"/>
        <line num="439" type="stmt" count="4"/>
        <line num="445" type="method" name="getIterator" visibility="public" complexity="1" crap="2.00" count="0"/>
        <line num="447" type="stmt" count="0"/>
        <metrics loc="449" ncloc="312" classes="1" methods="24" coveredmethods="20" conditionals="0" coveredconditionals="0" statements="112" coveredstatements="108" elements="136" coveredelements="128"/>
      </file>
      <file name="/home/dev/www/builder/src/QueryResult.php">
        <class name="Goldoni\Builder\QueryResult" namespace="Goldoni\Builder">
          <metrics complexity="15" methods="12" coveredmethods="3" conditionals="0" coveredconditionals="0" statements="20" coveredstatements="9" elements="32" coveredelements="12"/>
        </class>
        <line num="37" type="method" name="__construct" visibility="public" complexity="2" crap="2" count="4"/>
        <line num="39" type="stmt" count="4"/>
        <line num="40" type="stmt" count="4"/>
        <line num="41" type="stmt" count="4"/>
        <line num="43" type="method" name="get" visibility="public" complexity="3" crap="3.07" count="2"/>
        <line num="45" type="stmt" count="2"/>
        <line num="46" type="stmt" count="2"/>
        <line num="47" type="stmt" count="1"/>
        <line num="50" type="stmt" count="1"/>
        <line num="53" type="stmt" count="0"/>
        <line num="65" type="method" name="current" visibility="public" complexity="1" crap="2.00" count="0"/>
        <line num="67" type="stmt" count="0"/>
        <line num="76" type="method" name="next" visibility="public" complexity="1" crap="2.00" count="0"/>
        <line num="78" type="stmt" count="0"/>
        <line num="79" type="stmt" count="0"/>
        <line num="90" type="method" name="key" visibility="public" complexity="1" crap="2.00" count="0"/>
        <line num="92" type="stmt" count="0"/>
        <line num="105" type="method" name="valid" visibility="public" complexity="1" crap="2.00" count="0"/>
        <line num="107" type="stmt" count="0"/>
        <line num="116" type="method" name="rewind" visibility="public" complexity="1" crap="2.00" count="0"/>
        <line num="118" type="stmt" count="0"/>
        <line num="119" type="stmt" count="0"/>
        <line num="137" type="method" name="offsetExists" visibility="public" complexity="1" crap="2.00" count="0"/>
        <line num="139" type="stmt" count="0"/>
        <line num="155" type="method" name="offsetGet" visibility="public" complexity="1" crap="1" count="2"/>
        <line num="157" type="stmt" count="2"/>
        <line num="176" type="method" name="offsetSet" visibility="public" complexity="1" crap="2.00" count="0"/>
        <line num="178" type="stmt" count="0"/>
        <line num="194" type="method" name="offsetUnset" visibility="public" complexity="1" crap="2.00" count="0"/>
        <line num="196" type="stmt" count="0"/>
        <line num="211" type="method" name="count" visibility="public" complexity="1" crap="1" count="2"/>
        <line num="213" type="stmt" count="2"/>
        <metrics loc="215" ncloc="82" classes="1" methods="12" coveredmethods="3" conditionals="0" coveredconditionals="0" statements="20" coveredstatements="9" elements="32" coveredelements="12"/>
      </file>
    </package>
    <package name="Goldoni\Builder\Entities">
      <file name="/home/dev/www/builder/src/Entities/Demo.php">
        <class name="Goldoni\Builder\Entities\Demo" namespace="Goldoni\Builder\Entities">
          <metrics complexity="13" methods="7" coveredmethods="3" conditionals="0" coveredconditionals="0" statements="13" coveredstatements="9" elements="20" coveredelements="12"/>
        </class>
        <line num="47" type="method" name="__construct" visibility="public" complexity="1" crap="1" count="3"/>
        <line num="49" type="stmt" count="3"/>
        <line num="54" type="method" name="getCreatedAt" visibility="public" complexity="1" crap="2.00" count="0"/>
        <line num="56" type="stmt" count="0"/>
        <line num="62" type="method" name="setCreatedAt" visibility="public" complexity="3" crap="3" count="3"/>
        <line num="64" type="stmt" count="3"/>
        <line num="65" type="stmt" count="3"/>
        <line num="67" type="stmt" count="3"/>
        <line num="72" type="method" name="getUpdatedAt" visibility="public" complexity="1" crap="2.00" count="0"/>
        <line num="74" type="stmt" count="0"/>
        <line num="80" type="method" name="setUpdatedAt" visibility="public" complexity="3" crap="3" count="3"/>
        <line num="82" type="stmt" count="3"/>
        <line num="83" type="stmt" count="3"/>
        <line num="85" type="stmt" count="3"/>
        <line num="90" type="method" name="getDeletedAt" visibility="public" complexity="1" crap="2.00" count="0"/>
        <line num="92" type="stmt" count="0"/>
        <line num="98" type="method" name="setDeletedAt" visibility="public" complexity="3" crap="3.33" count="3"/>
        <line num="100" type="stmt" count="3"/>
        <line num="101" type="stmt" count="0"/>
        <line num="103" type="stmt" count="3"/>
        <metrics loc="104" ncloc="56" classes="1" methods="7" coveredmethods="3" conditionals="0" coveredconditionals="0" statements="13" coveredstatements="9" elements="20" coveredelements="12"/>
      </file>
    </package>
    <package name="Goldoni\Tests">
      <file name="/home/dev/www/builder/tests/QueryTest.php">
        <class name="Goldoni\Tests\QueryTest" namespace="Goldoni\Tests">
          <metrics complexity="19" methods="18" coveredmethods="17" conditionals="0" coveredconditionals="0" statements="218" coveredstatements="209" elements="236" coveredelements="226"/>
        </class>
        <line num="23" type="method" name="setUp" visibility="public" complexity="2" crap="2" count="16"/>
        <line num="25" type="stmt" count="16"/>
        <line num="26" type="stmt" count="16"/>
        <line num="27" type="stmt" count="16"/>
        <line num="28" type="stmt" count="16"/>
        <line num="29" type="stmt" count="16"/>
        <line num="31" type="stmt" count="16"/>
        <line num="33" type="method" name="testSimpleQuery" visibility="public" complexity="1" crap="1" count="1"/>
        <line num="35" type="stmt" count="1"/>
        <line num="36" type="stmt" count="1"/>
        <line num="37" type="stmt" count="1"/>
        <line num="39" type="method" name="testWhereQuery" visibility="public" complexity="1" crap="1" count="1"/>
        <line num="41" type="stmt" count="1"/>
        <line num="42" type="stmt" count="1"/>
        <line num="43" type="stmt" count="1"/>
        <line num="45" type="stmt" count="1"/>
        <line num="46" type="stmt" count="1"/>
        <line num="47" type="stmt" count="1"/>
        <line num="50" type="stmt" count="1"/>
        <line num="51" type="stmt" count="1"/>
        <line num="52" type="stmt" count="1"/>
        <line num="53" type="stmt" count="1"/>
        <line num="55" type="stmt" count="1"/>
        <line num="56" type="stmt" count="1"/>
        <line num="57" type="stmt" count="1"/>
        <line num="59" type="stmt" count="1"/>
        <line num="61" type="method" name="testFetchAllQuery" visibility="public" complexity="1" crap="1" count="1"/>
        <line num="63" type="stmt" count="1"/>
        <line num="64" type="stmt" count="1"/>
        <line num="65" type="stmt" count="1"/>
        <line num="66" type="stmt" count="1"/>
        <line num="67" type="stmt" count="1"/>
        <line num="69" type="stmt" count="1"/>
        <line num="71" type="stmt" count="1"/>
        <line num="72" type="stmt" count="1"/>
        <line num="74" type="method" name="testCountQuery" visibility="public" complexity="1" crap="1" count="1"/>
        <line num="76" type="stmt" count="1"/>
        <line num="77" type="stmt" count="1"/>
        <line num="78" type="stmt" count="1"/>
        <line num="79" type="stmt" count="1"/>
        <line num="80" type="stmt" count="1"/>
        <line num="82" type="stmt" count="1"/>
        <line num="84" type="stmt" count="1"/>
        <line num="85" type="stmt" count="1"/>
        <line num="87" type="method" name="testHydrateQuery" visibility="public" complexity="1" crap="1" count="1"/>
        <line num="89" type="stmt" count="1"/>
        <line num="90" type="stmt" count="1"/>
        <line num="91" type="stmt" count="1"/>
        <line num="92" type="stmt" count="1"/>
        <line num="93" type="stmt" count="1"/>
        <line num="94" type="stmt" count="1"/>
        <line num="96" type="stmt" count="1"/>
        <line num="98" type="stmt" count="1"/>
        <line num="99" type="stmt" count="1"/>
        <line num="100" type="stmt" count="1"/>
        <line num="101" type="stmt" count="1"/>
        <line num="103" type="stmt" count="1"/>
        <line num="104" type="stmt" count="1"/>
        <line num="106" type="method" name="testLazyHydrateQuery" visibility="public" complexity="1" crap="1" count="1"/>
        <line num="108" type="stmt" count="1"/>
        <line num="109" type="stmt" count="1"/>
        <line num="110" type="stmt" count="1"/>
        <line num="111" type="stmt" count="1"/>
        <line num="112" type="stmt" count="1"/>
        <line num="113" type="stmt" count="1"/>
        <line num="115" type="stmt" count="1"/>
        <line num="116" type="stmt" count="1"/>
        <line num="118" type="method" name="testLimitQuery" visibility="public" complexity="1" crap="1" count="1"/>
        <line num="120" type="stmt" count="1"/>
        <line num="121" type="stmt" count="1"/>
        <line num="122" type="stmt" count="1"/>
        <line num="123" type="stmt" count="1"/>
        <line num="125" type="stmt" count="1"/>
        <line num="126" type="stmt" count="1"/>
        <line num="127" type="stmt" count="1"/>
        <line num="129" type="stmt" count="1"/>
        <line num="131" type="method" name="testOrderByQuery" visibility="public" complexity="1" crap="1" count="1"/>
        <line num="133" type="stmt" count="1"/>
        <line num="134" type="stmt" count="1"/>
        <line num="135" type="stmt" count="1"/>
        <line num="136" type="stmt" count="1"/>
        <line num="138" type="stmt" count="1"/>
        <line num="139" type="stmt" count="1"/>
        <line num="140" type="stmt" count="1"/>
        <line num="142" type="stmt" count="1"/>
        <line num="144" type="method" name="testGroupByQuery" visibility="public" complexity="1" crap="1" count="1"/>
        <line num="146" type="stmt" count="1"/>
        <line num="147" type="stmt" count="1"/>
        <line num="148" type="stmt" count="1"/>
        <line num="149" type="stmt" count="1"/>
        <line num="151" type="stmt" count="1"/>
        <line num="152" type="stmt" count="1"/>
        <line num="153" type="stmt" count="1"/>
        <line num="155" type="stmt" count="1"/>
        <line num="157" type="method" name="testJoinsQuery" visibility="public" complexity="1" crap="1" count="1"/>
        <line num="159" type="stmt" count="1"/>
        <line num="160" type="stmt" count="1"/>
        <line num="161" type="stmt" count="1"/>
        <line num="162" type="stmt" count="1"/>
        <line num="164" type="stmt" count="1"/>
        <line num="165" type="stmt" count="1"/>
        <line num="166" type="stmt" count="1"/>
        <line num="169" type="stmt" count="1"/>
        <line num="170" type="stmt" count="1"/>
        <line num="171" type="stmt" count="1"/>
        <line num="172" type="stmt" count="1"/>
        <line num="174" type="stmt" count="1"/>
        <line num="175" type="stmt" count="1"/>
        <line num="176" type="stmt" count="1"/>
        <line num="178" type="stmt" count="1"/>
        <line num="180" type="method" name="testFetchQuery" visibility="public" complexity="1" crap="1" count="1"/>
        <line num="182" type="stmt" count="1"/>
        <line num="183" type="stmt" count="1"/>
        <line num="184" type="stmt" count="1"/>
        <line num="185" type="stmt" count="1"/>
        <line num="186" type="stmt" count="1"/>
        <line num="187" type="stmt" count="1"/>
        <line num="189" type="stmt" count="1"/>
        <line num="190" type="stmt" count="1"/>
        <line num="191" type="stmt" count="1"/>
        <line num="196" type="method" name="testFetchOrFailQuery" visibility="public" complexity="1" crap="1.22" count="1"/>
        <line num="198" type="stmt" count="1"/>
        <line num="199" type="stmt" count="1"/>
        <line num="200" type="stmt" count="1"/>
        <line num="201" type="stmt" count="1"/>
        <line num="202" type="stmt" count="1"/>
        <line num="203" type="stmt" count="1"/>
        <line num="205" type="stmt" count="0"/>
        <line num="207" type="stmt" count="0"/>
        <line num="208" type="stmt" count="0"/>
        <line num="209" type="stmt" count="0"/>
        <line num="210" type="stmt" count="0"/>
        <line num="211" type="stmt" count="0"/>
        <line num="212" type="stmt" count="0"/>
        <line num="214" type="stmt" count="0"/>
        <line num="215" type="stmt" count="0"/>
        <line num="217" type="method" name="testInsertQuery" visibility="public" complexity="1" crap="1" count="1"/>
        <line num="219" type="stmt" count="1"/>
        <line num="220" type="stmt" count="1"/>
        <line num="221" type="stmt" count="1"/>
        <line num="223" type="stmt" count="1"/>
        <line num="230" type="stmt" count="1"/>
        <line num="231" type="stmt" count="1"/>
        <line num="232" type="stmt" count="1"/>
        <line num="233" type="stmt" count="1"/>
        <line num="238" type="stmt" count="1"/>
        <line num="240" type="stmt" count="1"/>
        <line num="241" type="stmt" count="1"/>
        <line num="242" type="stmt" count="1"/>
        <line num="244" type="stmt" count="1"/>
        <line num="246" type="method" name="testUpdateQuery" visibility="public" complexity="1" crap="1" count="1"/>
        <line num="248" type="stmt" count="1"/>
        <line num="249" type="stmt" count="1"/>
        <line num="250" type="stmt" count="1"/>
        <line num="252" type="stmt" count="1"/>
        <line num="256" type="stmt" count="1"/>
        <line num="259" type="stmt" count="1"/>
        <line num="260" type="stmt" count="1"/>
        <line num="261" type="stmt" count="1"/>
        <line num="264" type="stmt" count="1"/>
        <line num="265" type="stmt" count="1"/>
        <line num="266" type="stmt" count="1"/>
        <line num="268" type="stmt" count="1"/>
        <line num="273" type="stmt" count="1"/>
        <line num="274" type="stmt" count="1"/>
        <line num="276" type="stmt" count="1"/>
        <line num="282" type="stmt" count="1"/>
        <line num="284" type="stmt" count="1"/>
        <line num="285" type="stmt" count="1"/>
        <line num="286" type="stmt" count="1"/>
        <line num="287" type="stmt" count="1"/>
        <line num="288" type="stmt" count="1"/>
        <line num="289" type="stmt" count="1"/>
        <line num="291" type="stmt" count="1"/>
        <line num="292" type="stmt" count="1"/>
        <line num="293" type="stmt" count="1"/>
        <line num="294" type="stmt" count="1"/>
        <line num="296" type="stmt" count="1"/>
        <line num="297" type="stmt" count="1"/>
        <line num="298" type="stmt" count="1"/>
        <line num="299" type="stmt" count="1"/>
        <line num="304" type="stmt" count="1"/>
        <line num="305" type="stmt" count="1"/>
        <line num="307" type="stmt" count="1"/>
        <line num="314" type="stmt" count="1"/>
        <line num="316" type="stmt" count="1"/>
        <line num="317" type="stmt" count="1"/>
        <line num="318" type="stmt" count="1"/>
        <line num="319" type="stmt" count="1"/>
        <line num="320" type="stmt" count="1"/>
        <line num="321" type="stmt" count="1"/>
        <line num="323" type="stmt" count="1"/>
        <line num="324" type="stmt" count="1"/>
        <line num="325" type="stmt" count="1"/>
        <line num="326" type="stmt" count="1"/>
        <line num="327" type="stmt" count="1"/>
        <line num="329" type="method" name="testDeleteQuery" visibility="public" complexity="1" crap="1" count="1"/>
        <line num="331" type="stmt" count="1"/>
        <line num="333" type="stmt" count="1"/>
        <line num="334" type="stmt" count="1"/>
        <line num="335" type="stmt" count="1"/>
        <line num="338" type="stmt" count="1"/>
        <line num="339" type="stmt" count="1"/>
        <line num="340" type="stmt" count="1"/>
        <line num="342" type="stmt" count="1"/>
        <line num="348" type="stmt" count="1"/>
        <line num="350" type="stmt" count="1"/>
        <line num="357" type="stmt" count="1"/>
        <line num="359" type="stmt" count="1"/>
        <line num="360" type="stmt" count="1"/>
        <line num="361" type="stmt" count="1"/>
        <line num="362" type="stmt" count="1"/>
        <line num="363" type="stmt" count="1"/>
        <line num="364" type="stmt" count="1"/>
        <line num="366" type="method" name="testPaginateQuery" visibility="public" complexity="1" crap="1" count="1"/>
        <line num="368" type="stmt" count="1"/>
        <line num="369" type="stmt" count="1"/>
        <line num="370" type="stmt" count="1"/>
        <line num="371" type="stmt" count="1"/>
        <line num="373" type="stmt" count="1"/>
        <line num="374" type="stmt" count="1"/>
        <line num="375" type="stmt" count="1"/>
        <line num="376" type="stmt" count="1"/>
        <line num="378" type="stmt" count="1"/>
        <line num="379" type="stmt" count="1"/>
        <line num="380" type="stmt" count="1"/>
        <line num="381" type="stmt" count="1"/>
        <line num="383" type="stmt" count="1"/>
        <line num="384" type="stmt" count="1"/>
        <line num="385" type="stmt" count="1"/>
        <line num="386" type="stmt" count="1"/>
        <line num="387" type="stmt" count="1"/>
        <line num="389" type="method" name="migrate" visibility="private" complexity="1" crap="1" count="16"/>
        <line num="391" type="stmt" count="16"/>
        <line num="403" type="stmt" count="16"/>
        <line num="427" type="stmt" count="16"/>
        <metrics loc="428" ncloc="416" classes="1" methods="18" coveredmethods="17" conditionals="0" coveredconditionals="0" statements="218" coveredstatements="209" elements="236" coveredelements="226"/>
      </file>
    </package>
    <metrics files="6" loc="1327" ncloc="945" classes="6" methods="67" coveredmethods="48" conditionals="0" coveredconditionals="0" statements="385" coveredstatements="356" elements="452" coveredelements="404"/>
  </project>
</coverage>
